[2025-12-22 23:37:08] ========== PDF TOTALS DEBUG (Page 2) ==========
[2025-12-22 23:37:08] Total items count: 25
[2025-12-22 23:37:08] Hidden categories: []
[2025-12-22 23:37:08] Rate CDF/BCC: 2500
[2025-12-22 23:37:08] Item: REDEVANCE REMUNERATOIRE INFORMATIQUE A L&amp;amp;amp;#039;EXPORT (RIE) | Cat ID: 1 | Cat Name: CUSTOMS CLEARANCE FEES | Subtotal: 0 | TVA: 0 | Total: 0
[2025-12-22 23:37:08]   -> ✓ ADDED to Page 1 (Cat 1): Subtotal=0, TVA=0
[2025-12-22 23:37:08] Item: REDEVANCE LOGISTIQUE TERRESTRE SNCC (RLS) | Cat ID: 1 | Cat Name: CUSTOMS CLEARANCE FEES | Subtotal: 0 | TVA: 0 | Total: 0
[2025-12-22 23:37:08]   -> ✓ ADDED to Page 1 (Cat 1): Subtotal=0, TVA=0
[2025-12-22 23:37:08] Item: FRAIS SERVICES RENDUS PROD. MINIERS (FSR) | Cat ID: 1 | Cat Name: CUSTOMS CLEARANCE FEES | Subtotal: 0 | TVA: 0 | Total: 0
[2025-12-22 23:37:08]   -> ✓ ADDED to Page 1 (Cat 1): Subtotal=0, TVA=0
[2025-12-22 23:37:08] Item: LOCATION SCELLE ELECTRONIQUE (LSE) | Cat ID: 1 | Cat Name: CUSTOMS CLEARANCE FEES | Subtotal: 30 | TVA: 0 | Total: 30
[2025-12-22 23:37:08]   -> ✓ ADDED to Page 1 (Cat 1): Subtotal=30, TVA=0
[2025-12-22 23:37:08] Item: FICHE ELECTRONIQUE DE RENSEIGNEMENT A L EXPORTATION | Cat ID: 1 | Cat Name: CUSTOMS CLEARANCE FEES | Subtotal: 3 | TVA: 0 | Total: 3
[2025-12-22 23:37:08]   -> ✓ ADDED to Page 1 (Cat 1): Subtotal=3, TVA=0
[2025-12-22 23:37:08] Item: LIGNE MARITIME CONGOLAISE (LMC) | Cat ID: 1 | Cat Name: CUSTOMS CLEARANCE FEES | Subtotal: 5 | TVA: 0 | Total: 5
[2025-12-22 23:37:08]   -> ✓ ADDED to Page 1 (Cat 1): Subtotal=5, TVA=0
[2025-12-22 23:37:08] Item: GOVERNORS TAX($50/MT) / TAXE VOIRIE | Cat ID: 1 | Cat Name: CUSTOMS CLEARANCE FEES | Subtotal: 50 | TVA: 0 | Total: 50
[2025-12-22 23:37:08]   -> ✓ ADDED to Page 1 (Cat 1): Subtotal=50, TVA=0
[2025-12-22 23:37:08] Item: OCC : SAMPLING / ECHATILLIONNAGE OCC | Cat ID: 1 | Cat Name: CUSTOMS CLEARANCE FEES | Subtotal: 250 | TVA: 0 | Total: 250
[2025-12-22 23:37:08]   -> ✓ ADDED to Page 1 (Cat 1): Subtotal=250, TVA=0
[2025-12-22 23:37:08] Item: OCC/CGEA : RADIO ACTIVITY TEST / RADIO ACTIVITE OCC/CGEA | Cat ID: 1 | Cat Name: CUSTOMS CLEARANCE FEES | Subtotal: 80 | TVA: 0 | Total: 80
[2025-12-22 23:37:08]   -> ✓ ADDED to Page 1 (Cat 1): Subtotal=80, TVA=0
[2025-12-22 23:37:08] Item: CEEC CERTIFICATE / CERTIFICAT CEEC (LESS THAN 30MT) | Cat ID: 1 | Cat Name: CUSTOMS CLEARANCE FEES | Subtotal: 600 | TVA: 0 | Total: 600
[2025-12-22 23:37:08]   -> ✓ ADDED to Page 1 (Cat 1): Subtotal=600, TVA=0
[2025-12-22 23:37:08] Item: CEEC CERTIFICATE / CERTIFICAT CEEC (30MT to 60MT) - WEF 13/12/2017 | Cat ID: 1 | Cat Name: CUSTOMS CLEARANCE FEES | Subtotal: 800 | TVA: 0 | Total: 800
[2025-12-22 23:37:08]   -> ✓ ADDED to Page 1 (Cat 1): Subtotal=800, TVA=0
[2025-12-22 23:37:08] Item: DGDA SECURITY SEALS / FRAIS DE PLOMB DGDA | Cat ID: 1 | Cat Name: CUSTOMS CLEARANCE FEES | Subtotal: 30 | TVA: 0 | Total: 30
[2025-12-22 23:37:08]   -> ✓ ADDED to Page 1 (Cat 1): Subtotal=30, TVA=0
[2025-12-22 23:37:08] Item: ASSAY FEE / FRAIS LABO | Cat ID: 1 | Cat Name: CUSTOMS CLEARANCE FEES | Subtotal: 125 | TVA: 0 | Total: 125
[2025-12-22 23:37:08]   -> ✓ ADDED to Page 1 (Cat 1): Subtotal=125, TVA=0
[2025-12-22 23:37:08] Item: FINANCE COST 1% DROIT DE DOUANE ET TAXES | Cat ID: 1 | Cat Name: CUSTOMS CLEARANCE FEES | Subtotal: 1 | TVA: 0 | Total: 1
[2025-12-22 23:37:08]   -> ✓ ADDED to Page 1 (Cat 1): Subtotal=1, TVA=0
[2025-12-22 23:37:08] Item: OGEFREM: Conteneur 10&amp;amp;amp;#039; | Cat ID: 1 | Cat Name: CUSTOMS CLEARANCE FEES | Subtotal: 25 | TVA: 0 | Total: 25
[2025-12-22 23:37:08]   -> ✓ ADDED to Page 1 (Cat 1): Subtotal=25, TVA=0
[2025-12-22 23:37:08] Item: OGEFREM: Conteneur 20&amp;amp;amp;#039; | Cat ID: 1 | Cat Name: CUSTOMS CLEARANCE FEES | Subtotal: 50 | TVA: 0 | Total: 50
[2025-12-22 23:37:08]   -> ✓ ADDED to Page 1 (Cat 1): Subtotal=50, TVA=0
[2025-12-22 23:37:08] Item: OGEFREM: Conteneur 40&amp;amp;amp;#039; | Cat ID: 1 | Cat Name: CUSTOMS CLEARANCE FEES | Subtotal: 100 | TVA: 0 | Total: 100
[2025-12-22 23:37:08]   -> ✓ ADDED to Page 1 (Cat 1): Subtotal=100, TVA=0
[2025-12-22 23:37:08] Item: SEGUCE CHARGES | Cat ID: 1 | Cat Name: CUSTOMS CLEARANCE FEES | Subtotal: 120 | TVA: 0 | Total: 120
[2025-12-22 23:37:08]   -> ✓ ADDED to Page 1 (Cat 1): Subtotal=120, TVA=0
[2025-12-22 23:37:08] Item: ELECTRONIC SEAL ACTIVATION CHARGES | Cat ID: 1 | Cat Name: CUSTOMS CLEARANCE FEES | Subtotal: 25 | TVA: 0 | Total: 25
[2025-12-22 23:37:08]   -> ✓ ADDED to Page 1 (Cat 1): Subtotal=25, TVA=0
[2025-12-22 23:37:08] Item: FRAIS BANCAIRS | Cat ID: 2 | Cat Name: OTHER CHARGES | Subtotal: 500 | TVA: 0 | Total: 500
[2025-12-22 23:37:08]   -> ✓ ADDED to Page 1 (Cat 2): Subtotal=500, TVA=0
[2025-12-22 23:37:08] Item: MINE DIVISION/DIVISION DES MINES | Cat ID: 3 | Cat Name: OPERATIONAL COSTS | Subtotal: 125 | TVA: 20 | Total: 145
[2025-12-22 23:37:08]   -> ✓ ADDED to Page 2 (Cat 3): Subtotal=125, TVA=20
[2025-12-22 23:37:08] Item: COMMERCE EXTERIOR/ COMMERCE EXTERIEUR | Cat ID: 3 | Cat Name: OPERATIONAL COSTS | Subtotal: 40 | TVA: 6.4 | Total: 46.4
[2025-12-22 23:37:08]   -> ✓ ADDED to Page 2 (Cat 3): Subtotal=40, TVA=6.4
[2025-12-22 23:37:08] Item: OCC FEES/ FRAIS OCC | Cat ID: 3 | Cat Name: OPERATIONAL COSTS | Subtotal: 40 | TVA: 6.4 | Total: 46.4
[2025-12-22 23:37:08]   -> ✓ ADDED to Page 2 (Cat 3): Subtotal=40, TVA=6.4
[2025-12-22 23:37:08] Item: OPERATIONS &amp;amp;amp;amp; OTHER SERVICES COST | Cat ID: 3 | Cat Name: OPERATIONAL COSTS | Subtotal: 300 | TVA: 48 | Total: 348
[2025-12-22 23:37:08]   -> ✓ ADDED to Page 2 (Cat 3): Subtotal=300, TVA=48
[2025-12-22 23:37:08] Item: CONTRACTOR AGENCY FEE / FRAIS D AGENCE | Cat ID: 4 | Cat Name: SERVICE FEE | Subtotal: 225 | TVA: 36 | Total: 261
[2025-12-22 23:37:08]   -> ✓ ADDED to Page 2 (Cat 4): Subtotal=225, TVA=36
[2025-12-22 23:37:08] ========================================
[2025-12-22 23:37:08] PAGE 1 TOTALS:
[2025-12-22 23:37:08]   Subtotal (Cat 1+2): 2,794.00 USD
[2025-12-22 23:37:08]   TVA (Cat 1+2): 0.00 USD
[2025-12-22 23:37:08]   Grand Total: 2,794.00 USD
[2025-12-22 23:37:08]   Grand Total CDF (x 2500): 6,985,000.00 CDF
[2025-12-22 23:37:08] ----------------------------------------
[2025-12-22 23:37:08] PAGE 2 TOTALS:
[2025-12-22 23:37:08]   Subtotal (Cat 3+4): 730.00 USD
[2025-12-22 23:37:08]   TVA (Cat 3+4): 116.80 USD
[2025-12-22 23:37:08]   Grand Total: 846.80 USD
[2025-12-22 23:37:08] ========================================
[2025-12-22 23:37:47] ========== PDF TOTALS DEBUG (Page 2) ==========
[2025-12-22 23:37:47] Total items count: 25
[2025-12-22 23:37:47] Hidden categories: []
[2025-12-22 23:37:47] Rate CDF/BCC: 2500
[2025-12-22 23:37:47] Item: REDEVANCE REMUNERATOIRE INFORMATIQUE A L&amp;amp;amp;#039;EXPORT (RIE) | Cat ID: 1 | Cat Name: CUSTOMS CLEARANCE FEES | Subtotal: 0 | TVA: 0 | Total: 0
[2025-12-22 23:37:47]   -> ✓ ADDED to Page 1 (Cat 1): Subtotal=0, TVA=0
[2025-12-22 23:37:47] Item: REDEVANCE LOGISTIQUE TERRESTRE SNCC (RLS) | Cat ID: 1 | Cat Name: CUSTOMS CLEARANCE FEES | Subtotal: 0 | TVA: 0 | Total: 0
[2025-12-22 23:37:47]   -> ✓ ADDED to Page 1 (Cat 1): Subtotal=0, TVA=0
[2025-12-22 23:37:47] Item: FRAIS SERVICES RENDUS PROD. MINIERS (FSR) | Cat ID: 1 | Cat Name: CUSTOMS CLEARANCE FEES | Subtotal: 0 | TVA: 0 | Total: 0
[2025-12-22 23:37:47]   -> ✓ ADDED to Page 1 (Cat 1): Subtotal=0, TVA=0
[2025-12-22 23:37:47] Item: LOCATION SCELLE ELECTRONIQUE (LSE) | Cat ID: 1 | Cat Name: CUSTOMS CLEARANCE FEES | Subtotal: 30 | TVA: 0 | Total: 30
[2025-12-22 23:37:47]   -> ✓ ADDED to Page 1 (Cat 1): Subtotal=30, TVA=0
[2025-12-22 23:37:47] Item: FICHE ELECTRONIQUE DE RENSEIGNEMENT A L EXPORTATION | Cat ID: 1 | Cat Name: CUSTOMS CLEARANCE FEES | Subtotal: 3 | TVA: 0 | Total: 3
[2025-12-22 23:37:47]   -> ✓ ADDED to Page 1 (Cat 1): Subtotal=3, TVA=0
[2025-12-22 23:37:47] Item: LIGNE MARITIME CONGOLAISE (LMC) | Cat ID: 1 | Cat Name: CUSTOMS CLEARANCE FEES | Subtotal: 5 | TVA: 0 | Total: 5
[2025-12-22 23:37:47]   -> ✓ ADDED to Page 1 (Cat 1): Subtotal=5, TVA=0
[2025-12-22 23:37:47] Item: GOVERNORS TAX($50/MT) / TAXE VOIRIE | Cat ID: 1 | Cat Name: CUSTOMS CLEARANCE FEES | Subtotal: 50 | TVA: 0 | Total: 50
[2025-12-22 23:37:47]   -> ✓ ADDED to Page 1 (Cat 1): Subtotal=50, TVA=0
[2025-12-22 23:37:47] Item: OCC : SAMPLING / ECHATILLIONNAGE OCC | Cat ID: 1 | Cat Name: CUSTOMS CLEARANCE FEES | Subtotal: 250 | TVA: 0 | Total: 250
[2025-12-22 23:37:47]   -> ✓ ADDED to Page 1 (Cat 1): Subtotal=250, TVA=0
[2025-12-22 23:37:47] Item: OCC/CGEA : RADIO ACTIVITY TEST / RADIO ACTIVITE OCC/CGEA | Cat ID: 1 | Cat Name: CUSTOMS CLEARANCE FEES | Subtotal: 80 | TVA: 0 | Total: 80
[2025-12-22 23:37:47]   -> ✓ ADDED to Page 1 (Cat 1): Subtotal=80, TVA=0
[2025-12-22 23:37:47] Item: CEEC CERTIFICATE / CERTIFICAT CEEC (LESS THAN 30MT) | Cat ID: 1 | Cat Name: CUSTOMS CLEARANCE FEES | Subtotal: 600 | TVA: 0 | Total: 600
[2025-12-22 23:37:47]   -> ✓ ADDED to Page 1 (Cat 1): Subtotal=600, TVA=0
[2025-12-22 23:37:47] Item: CEEC CERTIFICATE / CERTIFICAT CEEC (30MT to 60MT) - WEF 13/12/2017 | Cat ID: 1 | Cat Name: CUSTOMS CLEARANCE FEES | Subtotal: 800 | TVA: 0 | Total: 800
[2025-12-22 23:37:47]   -> ✓ ADDED to Page 1 (Cat 1): Subtotal=800, TVA=0
[2025-12-22 23:37:47] Item: DGDA SECURITY SEALS / FRAIS DE PLOMB DGDA | Cat ID: 1 | Cat Name: CUSTOMS CLEARANCE FEES | Subtotal: 30 | TVA: 0 | Total: 30
[2025-12-22 23:37:47]   -> ✓ ADDED to Page 1 (Cat 1): Subtotal=30, TVA=0
[2025-12-22 23:37:47] Item: ASSAY FEE / FRAIS LABO | Cat ID: 1 | Cat Name: CUSTOMS CLEARANCE FEES | Subtotal: 125 | TVA: 0 | Total: 125
[2025-12-22 23:37:47]   -> ✓ ADDED to Page 1 (Cat 1): Subtotal=125, TVA=0
[2025-12-22 23:37:47] Item: FINANCE COST 1% DROIT DE DOUANE ET TAXES | Cat ID: 1 | Cat Name: CUSTOMS CLEARANCE FEES | Subtotal: 1 | TVA: 0 | Total: 1
[2025-12-22 23:37:47]   -> ✓ ADDED to Page 1 (Cat 1): Subtotal=1, TVA=0
[2025-12-22 23:37:47] Item: OGEFREM: Conteneur 10&amp;amp;amp;#039; | Cat ID: 1 | Cat Name: CUSTOMS CLEARANCE FEES | Subtotal: 25 | TVA: 0 | Total: 25
[2025-12-22 23:37:47]   -> ✓ ADDED to Page 1 (Cat 1): Subtotal=25, TVA=0
[2025-12-22 23:37:47] Item: OGEFREM: Conteneur 20&amp;amp;amp;#039; | Cat ID: 1 | Cat Name: CUSTOMS CLEARANCE FEES | Subtotal: 50 | TVA: 0 | Total: 50
[2025-12-22 23:37:47]   -> ✓ ADDED to Page 1 (Cat 1): Subtotal=50, TVA=0
[2025-12-22 23:37:47] Item: OGEFREM: Conteneur 40&amp;amp;amp;#039; | Cat ID: 1 | Cat Name: CUSTOMS CLEARANCE FEES | Subtotal: 100 | TVA: 0 | Total: 100
[2025-12-22 23:37:47]   -> ✓ ADDED to Page 1 (Cat 1): Subtotal=100, TVA=0
[2025-12-22 23:37:47] Item: SEGUCE CHARGES | Cat ID: 1 | Cat Name: CUSTOMS CLEARANCE FEES | Subtotal: 120 | TVA: 0 | Total: 120
[2025-12-22 23:37:47]   -> ✓ ADDED to Page 1 (Cat 1): Subtotal=120, TVA=0
[2025-12-22 23:37:47] Item: ELECTRONIC SEAL ACTIVATION CHARGES | Cat ID: 1 | Cat Name: CUSTOMS CLEARANCE FEES | Subtotal: 25 | TVA: 0 | Total: 25
[2025-12-22 23:37:47]   -> ✓ ADDED to Page 1 (Cat 1): Subtotal=25, TVA=0
[2025-12-22 23:37:47] Item: FRAIS BANCAIRS | Cat ID: 2 | Cat Name: OTHER CHARGES | Subtotal: 500 | TVA: 0 | Total: 500
[2025-12-22 23:37:47]   -> ✓ ADDED to Page 1 (Cat 2): Subtotal=500, TVA=0
[2025-12-22 23:37:47] Item: MINE DIVISION/DIVISION DES MINES | Cat ID: 3 | Cat Name: OPERATIONAL COSTS | Subtotal: 125 | TVA: 20 | Total: 145
[2025-12-22 23:37:47]   -> ✓ ADDED to Page 2 (Cat 3): Subtotal=125, TVA=20
[2025-12-22 23:37:47] Item: COMMERCE EXTERIOR/ COMMERCE EXTERIEUR | Cat ID: 3 | Cat Name: OPERATIONAL COSTS | Subtotal: 40 | TVA: 6.4 | Total: 46.4
[2025-12-22 23:37:47]   -> ✓ ADDED to Page 2 (Cat 3): Subtotal=40, TVA=6.4
[2025-12-22 23:37:47] Item: OCC FEES/ FRAIS OCC | Cat ID: 3 | Cat Name: OPERATIONAL COSTS | Subtotal: 40 | TVA: 6.4 | Total: 46.4
[2025-12-22 23:37:47]   -> ✓ ADDED to Page 2 (Cat 3): Subtotal=40, TVA=6.4
[2025-12-22 23:37:47] Item: OPERATIONS &amp;amp;amp;amp; OTHER SERVICES COST | Cat ID: 3 | Cat Name: OPERATIONAL COSTS | Subtotal: 300 | TVA: 48 | Total: 348
[2025-12-22 23:37:47]   -> ✓ ADDED to Page 2 (Cat 3): Subtotal=300, TVA=48
[2025-12-22 23:37:47] Item: CONTRACTOR AGENCY FEE / FRAIS D AGENCE | Cat ID: 4 | Cat Name: SERVICE FEE | Subtotal: 225 | TVA: 36 | Total: 261
[2025-12-22 23:37:47]   -> ✓ ADDED to Page 2 (Cat 4): Subtotal=225, TVA=36
[2025-12-22 23:37:47] ========================================
[2025-12-22 23:37:47] PAGE 1 TOTALS:
[2025-12-22 23:37:47]   Subtotal (Cat 1+2): 2,794.00 USD
[2025-12-22 23:37:47]   TVA (Cat 1+2): 0.00 USD
[2025-12-22 23:37:47]   Grand Total: 2,794.00 USD
[2025-12-22 23:37:47]   Grand Total CDF (x 2500): 6,985,000.00 CDF
[2025-12-22 23:37:47] ----------------------------------------
[2025-12-22 23:37:47] PAGE 2 TOTALS:
[2025-12-22 23:37:47]   Subtotal (Cat 3+4): 730.00 USD
[2025-12-22 23:37:47]   TVA (Cat 3+4): 116.80 USD
[2025-12-22 23:37:47]   Grand Total: 846.80 USD
[2025-12-22 23:37:47] ========================================
[2025-12-22 23:41:12] ========== PDF TOTALS DEBUG (Page 2) ==========
[2025-12-22 23:41:12] Total items count: 25
[2025-12-22 23:41:12] Hidden categories: []
[2025-12-22 23:41:12] Rate CDF/BCC: 2500
[2025-12-22 23:41:12] Item: REDEVANCE REMUNERATOIRE INFORMATIQUE A L&amp;amp;amp;#039;EXPORT (RIE) | Cat ID: 1 | Cat Name: CUSTOMS CLEARANCE FEES | Subtotal: 0 | TVA: 0 | Total: 0
[2025-12-22 23:41:12]   -> ✓ ADDED to Page 1 (Cat 1): Subtotal=0, TVA=0
[2025-12-22 23:41:12] Item: REDEVANCE LOGISTIQUE TERRESTRE SNCC (RLS) | Cat ID: 1 | Cat Name: CUSTOMS CLEARANCE FEES | Subtotal: 0 | TVA: 0 | Total: 0
[2025-12-22 23:41:12]   -> ✓ ADDED to Page 1 (Cat 1): Subtotal=0, TVA=0
[2025-12-22 23:41:12] Item: FRAIS SERVICES RENDUS PROD. MINIERS (FSR) | Cat ID: 1 | Cat Name: CUSTOMS CLEARANCE FEES | Subtotal: 0 | TVA: 0 | Total: 0
[2025-12-22 23:41:12]   -> ✓ ADDED to Page 1 (Cat 1): Subtotal=0, TVA=0
[2025-12-22 23:41:12] Item: LOCATION SCELLE ELECTRONIQUE (LSE) | Cat ID: 1 | Cat Name: CUSTOMS CLEARANCE FEES | Subtotal: 30 | TVA: 0 | Total: 30
[2025-12-22 23:41:12]   -> ✓ ADDED to Page 1 (Cat 1): Subtotal=30, TVA=0
[2025-12-22 23:41:12] Item: FICHE ELECTRONIQUE DE RENSEIGNEMENT A L EXPORTATION | Cat ID: 1 | Cat Name: CUSTOMS CLEARANCE FEES | Subtotal: 3 | TVA: 0 | Total: 3
[2025-12-22 23:41:12]   -> ✓ ADDED to Page 1 (Cat 1): Subtotal=3, TVA=0
[2025-12-22 23:41:12] Item: LIGNE MARITIME CONGOLAISE (LMC) | Cat ID: 1 | Cat Name: CUSTOMS CLEARANCE FEES | Subtotal: 5 | TVA: 0 | Total: 5
[2025-12-22 23:41:12]   -> ✓ ADDED to Page 1 (Cat 1): Subtotal=5, TVA=0
[2025-12-22 23:41:12] Item: GOVERNORS TAX($50/MT) / TAXE VOIRIE | Cat ID: 1 | Cat Name: CUSTOMS CLEARANCE FEES | Subtotal: 50 | TVA: 0 | Total: 50
[2025-12-22 23:41:12]   -> ✓ ADDED to Page 1 (Cat 1): Subtotal=50, TVA=0
[2025-12-22 23:41:12] Item: OCC : SAMPLING / ECHATILLIONNAGE OCC | Cat ID: 1 | Cat Name: CUSTOMS CLEARANCE FEES | Subtotal: 250 | TVA: 0 | Total: 250
[2025-12-22 23:41:12]   -> ✓ ADDED to Page 1 (Cat 1): Subtotal=250, TVA=0
[2025-12-22 23:41:12] Item: OCC/CGEA : RADIO ACTIVITY TEST / RADIO ACTIVITE OCC/CGEA | Cat ID: 1 | Cat Name: CUSTOMS CLEARANCE FEES | Subtotal: 80 | TVA: 0 | Total: 80
[2025-12-22 23:41:12]   -> ✓ ADDED to Page 1 (Cat 1): Subtotal=80, TVA=0
[2025-12-22 23:41:12] Item: CEEC CERTIFICATE / CERTIFICAT CEEC (LESS THAN 30MT) | Cat ID: 1 | Cat Name: CUSTOMS CLEARANCE FEES | Subtotal: 600 | TVA: 0 | Total: 600
[2025-12-22 23:41:12]   -> ✓ ADDED to Page 1 (Cat 1): Subtotal=600, TVA=0
[2025-12-22 23:41:12] Item: CEEC CERTIFICATE / CERTIFICAT CEEC (30MT to 60MT) - WEF 13/12/2017 | Cat ID: 1 | Cat Name: CUSTOMS CLEARANCE FEES | Subtotal: 800 | TVA: 0 | Total: 800
[2025-12-22 23:41:12]   -> ✓ ADDED to Page 1 (Cat 1): Subtotal=800, TVA=0
[2025-12-22 23:41:12] Item: DGDA SECURITY SEALS / FRAIS DE PLOMB DGDA | Cat ID: 1 | Cat Name: CUSTOMS CLEARANCE FEES | Subtotal: 30 | TVA: 0 | Total: 30
[2025-12-22 23:41:12]   -> ✓ ADDED to Page 1 (Cat 1): Subtotal=30, TVA=0
[2025-12-22 23:41:12] Item: ASSAY FEE / FRAIS LABO | Cat ID: 1 | Cat Name: CUSTOMS CLEARANCE FEES | Subtotal: 125 | TVA: 0 | Total: 125
[2025-12-22 23:41:12]   -> ✓ ADDED to Page 1 (Cat 1): Subtotal=125, TVA=0
[2025-12-22 23:41:12] Item: FINANCE COST 1% DROIT DE DOUANE ET TAXES | Cat ID: 1 | Cat Name: CUSTOMS CLEARANCE FEES | Subtotal: 1 | TVA: 0 | Total: 1
[2025-12-22 23:41:12]   -> ✓ ADDED to Page 1 (Cat 1): Subtotal=1, TVA=0
[2025-12-22 23:41:12] Item: OGEFREM: Conteneur 10&amp;amp;amp;#039; | Cat ID: 1 | Cat Name: CUSTOMS CLEARANCE FEES | Subtotal: 25 | TVA: 0 | Total: 25
[2025-12-22 23:41:12]   -> ✓ ADDED to Page 1 (Cat 1): Subtotal=25, TVA=0
[2025-12-22 23:41:12] Item: OGEFREM: Conteneur 20&amp;amp;amp;#039; | Cat ID: 1 | Cat Name: CUSTOMS CLEARANCE FEES | Subtotal: 50 | TVA: 0 | Total: 50
[2025-12-22 23:41:12]   -> ✓ ADDED to Page 1 (Cat 1): Subtotal=50, TVA=0
[2025-12-22 23:41:12] Item: OGEFREM: Conteneur 40&amp;amp;amp;#039; | Cat ID: 1 | Cat Name: CUSTOMS CLEARANCE FEES | Subtotal: 100 | TVA: 0 | Total: 100
[2025-12-22 23:41:12]   -> ✓ ADDED to Page 1 (Cat 1): Subtotal=100, TVA=0
[2025-12-22 23:41:12] Item: SEGUCE CHARGES | Cat ID: 1 | Cat Name: CUSTOMS CLEARANCE FEES | Subtotal: 120 | TVA: 0 | Total: 120
[2025-12-22 23:41:12]   -> ✓ ADDED to Page 1 (Cat 1): Subtotal=120, TVA=0
[2025-12-22 23:41:12] Item: ELECTRONIC SEAL ACTIVATION CHARGES | Cat ID: 1 | Cat Name: CUSTOMS CLEARANCE FEES | Subtotal: 25 | TVA: 0 | Total: 25
[2025-12-22 23:41:12]   -> ✓ ADDED to Page 1 (Cat 1): Subtotal=25, TVA=0
[2025-12-22 23:41:12] Item: FRAIS BANCAIRS | Cat ID: 2 | Cat Name: OTHER CHARGES | Subtotal: 500 | TVA: 0 | Total: 500
[2025-12-22 23:41:12]   -> ✓ ADDED to Page 1 (Cat 2): Subtotal=500, TVA=0
[2025-12-22 23:41:12] Item: MINE DIVISION/DIVISION DES MINES | Cat ID: 3 | Cat Name: OPERATIONAL COSTS | Subtotal: 125 | TVA: 20 | Total: 145
[2025-12-22 23:41:12]   -> ✓ ADDED to Page 2 (Cat 3): Subtotal=125, TVA=20
[2025-12-22 23:41:12] Item: COMMERCE EXTERIOR/ COMMERCE EXTERIEUR | Cat ID: 3 | Cat Name: OPERATIONAL COSTS | Subtotal: 40 | TVA: 6.4 | Total: 46.4
[2025-12-22 23:41:12]   -> ✓ ADDED to Page 2 (Cat 3): Subtotal=40, TVA=6.4
[2025-12-22 23:41:12] Item: OCC FEES/ FRAIS OCC | Cat ID: 3 | Cat Name: OPERATIONAL COSTS | Subtotal: 40 | TVA: 6.4 | Total: 46.4
[2025-12-22 23:41:12]   -> ✓ ADDED to Page 2 (Cat 3): Subtotal=40, TVA=6.4
[2025-12-22 23:41:12] Item: OPERATIONS &amp;amp;amp;amp; OTHER SERVICES COST | Cat ID: 3 | Cat Name: OPERATIONAL COSTS | Subtotal: 300 | TVA: 48 | Total: 348
[2025-12-22 23:41:12]   -> ✓ ADDED to Page 2 (Cat 3): Subtotal=300, TVA=48
[2025-12-22 23:41:12] Item: CONTRACTOR AGENCY FEE / FRAIS D AGENCE | Cat ID: 4 | Cat Name: SERVICE FEE | Subtotal: 225 | TVA: 36 | Total: 261
[2025-12-22 23:41:12]   -> ✓ ADDED to Page 2 (Cat 4): Subtotal=225, TVA=36
[2025-12-22 23:41:12] ========================================
[2025-12-22 23:41:12] PAGE 1 TOTALS:
[2025-12-22 23:41:12]   Subtotal (Cat 1+2): 2,794.00 USD
[2025-12-22 23:41:12]   TVA (Cat 1+2): 0.00 USD
[2025-12-22 23:41:12]   Grand Total: 2,794.00 USD
[2025-12-22 23:41:12]   Grand Total CDF (x 2500): 6,985,000.00 CDF
[2025-12-22 23:41:12] ----------------------------------------
[2025-12-22 23:41:12] PAGE 2 TOTALS:
[2025-12-22 23:41:12]   Subtotal (Cat 3+4): 730.00 USD
[2025-12-22 23:41:12]   TVA (Cat 3+4): 116.80 USD
[2025-12-22 23:41:12]   Grand Total: 846.80 USD
[2025-12-22 23:41:12] ========================================
[2026-01-18 15:40:21] Validate Exception: Invoice has no items
[2026-01-18 15:59:12] ========== saveMCADetails START ==========
[2026-01-18 15:59:12] Invoice ID: 5
[2026-01-18 15:59:12] ✓ MCA INSERT SUCCESS — Rows: 1
[2026-01-18 15:59:12] ✓ Invoice items inserted: 5
[2026-01-18 16:08:57] e-MCF Invoice Error: Invalid payment entry
[2026-01-18 16:10:01] e-MCF Invoice Error: Invalid payment entry
[2026-01-18 16:10:32] e-MCF Invoice Error: Invalid payment entry
[2026-01-18 16:23:26] e-MCF Invoice Error: Invalid payment entry
[2026-01-18 16:25:35] e-MCF Invoice Error: e-MCF API error
[2026-01-18 16:27:57] e-MCF Invoice Error: e-MCF API error
[2026-01-18 19:25:43] e-MCF Invoice Error: NIF du client est obligatoire
[2026-01-18 19:26:48] e-MCF Invoice Error: NIF du client est obligatoire
[2026-01-21 19:44:38] Mark DGI Verified Exception: SQLSTATE[HY000]: General error: 1364 Field 'emcf_confirm' doesn't have a default value
[2026-01-21 19:48:06] e-MCF Invoice Error: La facture existe déjà dans les factures en attente avec numéro de la facture '2025-KIP-EXP-WCU-0001' uid '71c220ad-709d-4e7c-bd6b-82be7c671a8b'
[2026-01-21 20:03:03] e-MCF Invoice Error: La facture existe déjà dans les factures en attente avec numéro de la facture '2025-KIP-EXP-WCU-0001' uid 'bd1a0b64-05cf-4948-96a6-fa34488a03db'
[2026-01-21 20:04:14] e-MCF Invoice Error: La facture existe déjà dans les factures en attente avec numéro de la facture '2025-KIP-EXP-WCU-0001' uid 'f1c98eaf-c781-4163-be82-68387d245cbd'
[2026-01-22 22:42:20] e-MCF Finalize Invoice Error: Invoice does not exist or is already finalized/cancelled
[2026-01-22 22:42:36] e-MCF Finalize Invoice Error: Le montant TTC déclaré ne correspond pas à la valeur calculée
[2026-01-22 22:48:52] e-MCF Finalize Invoice Error: Le montant TTC déclaré ne correspond pas à la valeur calculée
[2026-01-22 22:55:37] e-MCF Invoice Error: La facture existe déjà dans les factures en attente avec numéro de la facture '2025-KIP-EXP-WCU-0001' uid '096017b9-1e0d-42c0-a43d-fde91c6426db'
[2026-01-22 22:56:06] e-MCF Invoice Error: La facture existe déjà dans les factures en attente avec numéro de la facture '2025-KIP-EXP-WCU-0001' uid '096017b9-1e0d-42c0-a43d-fde91c6426db'
[2026-01-22 23:03:36] e-MCF Invoice Error: La facture existe déjà dans les factures en attente avec numéro de la facture '2025-KIP-EXP-WCU-0001' uid 'bf262045-a925-4a34-a42e-bc12f23e9c77'
[2026-01-22 23:25:46] e-MCF Finalize Invoice Error: Le montant TTC déclaré ne correspond pas à la valeur calculée
[2026-01-22 23:31:58] e-MCF Finalize Invoice Error: Invoice does not exist or is already finalized/cancelled
[2026-01-22 23:32:04] e-MCF Finalize Invoice Error: Invoice does not exist or is already finalized/cancelled
[2026-01-22 23:33:11] e-MCF Finalize Invoice Error: Invoice does not exist or is already finalized/cancelled
[2026-01-22 23:33:16] e-MCF Finalize Invoice Error: Invoice does not exist or is already finalized/cancelled
[2026-01-23 00:12:23] PDF Generation Error: Class "QRcode" not found
[2026-01-23 00:12:23] Stack trace: #0 D:\wamp64\www\malabar\app\controllers\invoices\ExportInvoiceController.php(3010): ExportinvoiceController->generateP2HTML(Array)
#1 D:\wamp64\www\malabar\app\controllers\invoices\ExportInvoiceController.php(130): ExportinvoiceController->viewPDFPages2to4()
#2 D:\wamp64\www\malabar\app\core\App.php(122): ExportinvoiceController->crudData('viewPDFPages2to...')
#3 D:\wamp64\www\malabar\public\index.php(57): App->__construct()
#4 {main}
[2026-01-23 00:15:24] PDF Generation Error: Failed opening required 'D:\wamp64\www\malabarlibraries/phpqrcode/qrlib.php' (include_path='.;C:\php\pear')
[2026-01-23 00:15:24] Stack trace: #0 D:\wamp64\www\malabar\app\controllers\invoices\ExportInvoiceController.php(3010): ExportinvoiceController->generateP2HTML(Array)
#1 D:\wamp64\www\malabar\app\controllers\invoices\ExportInvoiceController.php(130): ExportinvoiceController->viewPDFPages2to4()
#2 D:\wamp64\www\malabar\app\core\App.php(122): ExportinvoiceController->crudData('viewPDFPages2to...')
#3 D:\wamp64\www\malabar\public\index.php(57): App->__construct()
#4 {main}
[2026-01-23 00:15:49] PDF Generation Error: Failed opening required 'D:\wamp64\www\malabar/libraries/phpqrcode/qrlib.php' (include_path='.;C:\php\pear')
[2026-01-23 00:15:49] Stack trace: #0 D:\wamp64\www\malabar\app\controllers\invoices\ExportInvoiceController.php(3010): ExportinvoiceController->generateP2HTML(Array)
#1 D:\wamp64\www\malabar\app\controllers\invoices\ExportInvoiceController.php(130): ExportinvoiceController->viewPDFPages2to4()
#2 D:\wamp64\www\malabar\app\core\App.php(122): ExportinvoiceController->crudData('viewPDFPages2to...')
#3 D:\wamp64\www\malabar\public\index.php(57): App->__construct()
#4 {main}
[2026-01-23 00:18:45] PDF Generation Error: Undefined constant "APPPATH"
[2026-01-23 00:18:45] Stack trace: #0 D:\wamp64\www\malabar\app\controllers\invoices\ExportInvoiceController.php(3010): ExportinvoiceController->generateP2HTML(Array)
#1 D:\wamp64\www\malabar\app\controllers\invoices\ExportInvoiceController.php(130): ExportinvoiceController->viewPDFPages2to4()
#2 D:\wamp64\www\malabar\app\core\App.php(122): ExportinvoiceController->crudData('viewPDFPages2to...')
#3 D:\wamp64\www\malabar\public\index.php(57): App->__construct()
#4 {main}
